<?xml version="1.0" encoding="UTF-8"?>
<robot generator="Robot 6.1.1 (Python 3.11.4 on darwin)" generated="20230911 21:59:18.881" rpa="false" schemaversion="4">
<suite id="s1" name="Amazon" source="/Users/leo/Robot Framework/Amazon/Tests/Amazon.robot">
<test id="s1-t1" name="User must sign in to check out" line="12">
<kw name="Open Browser" library="SeleniumLibrary">
<arg>https://www.amazon.com</arg>
<arg>chrome</arg>
<doc>Opens a new browser instance to the optional ``url``.</doc>
<msg timestamp="20230911 21:59:19.124" level="INFO">Opening browser 'chrome' to base url 'https://www.amazon.com'.</msg>
<status status="PASS" starttime="20230911 21:59:19.123" endtime="20230911 21:59:57.491"/>
</kw>
<kw name="Input Text" library="SeleniumLibrary">
<arg>id=twotabsearchtextbox</arg>
<arg>Ferrari 458</arg>
<doc>Types the given ``text`` into the text field identified by ``locator``.</doc>
<msg timestamp="20230911 21:59:57.495" level="INFO">Typing text 'Ferrari 458' into text field 'id=twotabsearchtextbox'.</msg>
<status status="PASS" starttime="20230911 21:59:57.492" endtime="20230911 22:00:08.465"/>
</kw>
<kw name="Click Button" library="SeleniumLibrary">
<arg>id=nav-search-submit-button</arg>
<doc>Clicks the button identified by ``locator``.</doc>
<msg timestamp="20230911 22:00:08.480" level="INFO">Clicking button 'id=nav-search-submit-button'.</msg>
<status status="PASS" starttime="20230911 22:00:08.473" endtime="20230911 22:00:18.951"/>
</kw>
<kw name="Wait Until Page Contains" library="SeleniumLibrary">
<arg>"Ferrari 458"</arg>
<doc>Waits until ``text`` appears on the current page.</doc>
<status status="PASS" starttime="20230911 22:00:18.953" endtime="20230911 22:00:24.235"/>
</kw>
<kw name="Close Browser" library="SeleniumLibrary">
<doc>Closes the current browser.</doc>
<status status="PASS" starttime="20230911 22:00:24.238" endtime="20230911 22:00:24.708"/>
</kw>
<doc>This is some basic info about the test</doc>
<tag>Smoke</tag>
<status status="PASS" starttime="20230911 21:59:19.122" endtime="20230911 22:00:24.710"/>
</test>
<doc>This is some basic info about the whole suite</doc>
<status status="PASS" starttime="20230911 21:59:18.882" endtime="20230911 22:00:24.714"/>
</suite>
<statistics>
<total>
<stat pass="1" fail="0" skip="0">All Tests</stat>
</total>
<tag>
<stat pass="1" fail="0" skip="0">Smoke</stat>
</tag>
<suite>
<stat pass="1" fail="0" skip="0" id="s1" name="Amazon">Amazon</stat>
</suite>
</statistics>
<errors>
</errors>
</robot>
